<?xml version="1.0" encoding="UTF-8"?>
<coverage generated="1504428537275" clover="3.2.0">
  <project timestamp="1504428537276" name="All files">
    <metrics statements="162" coveredstatements="93" conditionals="105" coveredconditionals="51" methods="46" coveredmethods="28" elements="313" coveredelements="172" complexity="0" loc="162" ncloc="162" packages="3" files="12" classes="12">
      <package name="js">
        <metrics statements="0" coveredstatements="0" conditionals="0" coveredconditionals="0" methods="0" coveredmethods="0"/>
        <file name="classification.js" path="/Users/eden90267/Desktop/react/whinepad/src/js/classification.js">
          <metrics statements="0" coveredstatements="0" conditionals="0" coveredconditionals="0" methods="0" coveredmethods="0"/>
        </file>
        <file name="schema.js" path="/Users/eden90267/Desktop/react/whinepad/src/js/schema.js">
          <metrics statements="0" coveredstatements="0" conditionals="0" coveredconditionals="0" methods="0" coveredmethods="0"/>
        </file>
      </package>
      <package name="js.components">
        <metrics statements="114" coveredstatements="73" conditionals="84" coveredconditionals="45" methods="42" coveredmethods="27"/>
        <file name="Actions.jsx" path="/Users/eden90267/Desktop/react/whinepad/src/js/components/Actions.jsx">
          <metrics statements="3" coveredstatements="3" conditionals="0" coveredconditionals="0" methods="2" coveredmethods="1"/>
          <line num="9" count="2" type="stmt"/>
          <line num="10" count="6" type="stmt"/>
          <line num="37" count="2" type="stmt"/>
        </file>
        <file name="Button.jsx" path="/Users/eden90267/Desktop/react/whinepad/src/js/components/Button.jsx">
          <metrics statements="2" coveredstatements="2" conditionals="2" coveredconditionals="2" methods="1" coveredmethods="1"/>
          <line num="11" count="2" type="stmt"/>
          <line num="12" count="4" type="cond" truecount="2" falsecount="0"/>
        </file>
        <file name="Dialog.jsx" path="/Users/eden90267/Desktop/react/whinepad/src/js/components/Dialog.jsx">
          <metrics statements="6" coveredstatements="6" conditionals="6" coveredconditionals="3" methods="4" coveredmethods="3"/>
          <line num="30" count="1" type="stmt"/>
          <line num="31" count="1" type="stmt"/>
          <line num="35" count="1" type="cond" truecount="1" falsecount="1"/>
          <line num="36" count="1" type="stmt"/>
          <line num="37" count="1" type="stmt"/>
          <line num="42" count="1" type="stmt"/>
        </file>
        <file name="Excel.jsx" path="/Users/eden90267/Desktop/react/whinepad/src/js/components/Excel.jsx">
          <metrics statements="62" coveredstatements="45" conditionals="44" coveredconditionals="24" methods="16" coveredmethods="13"/>
          <line num="41" count="2" type="stmt"/>
          <line num="42" count="2" type="stmt"/>
          <line num="49" count="2" type="stmt"/>
          <line num="50" count="2" type="stmt"/>
          <line num="51" count="3" type="stmt"/>
          <line num="58" count="0" type="cond" truecount="0" falsecount="2"/>
          <line num="59" count="0" type="stmt"/>
          <line num="60" count="0" type="stmt"/>
          <line num="67" count="1" type="stmt"/>
          <line num="68" count="1" type="stmt"/>
          <line num="77" count="1" type="stmt"/>
          <line num="78" count="1" type="stmt"/>
          <line num="79" count="1" type="stmt"/>
          <line num="84" count="1" type="stmt"/>
          <line num="90" count="1" type="stmt"/>
          <line num="99" count="7" type="stmt"/>
          <line num="105" count="35" type="cond" truecount="2" falsecount="0"/>
          <line num="106" count="7" type="stmt"/>
          <line num="108" count="28" type="stmt"/>
          <line num="109" count="28" type="cond" truecount="1" falsecount="1"/>
          <line num="110" count="0" type="cond" truecount="0" falsecount="2"/>
          <line num="112" count="28" type="stmt"/>
          <line num="129" count="5" type="stmt"/>
          <line num="133" count="25" type="stmt"/>
          <line num="134" count="25" type="cond" truecount="4" falsecount="0"/>
          <line num="135" count="5" type="stmt"/>
          <line num="137" count="20" type="stmt"/>
          <line num="138" count="20" type="stmt"/>
          <line num="139" count="20" type="stmt"/>
          <line num="140" count="20" type="cond" truecount="6" falsecount="0"/>
          <line num="141" count="1" type="stmt"/>
          <line num="146" count="19" type="cond" truecount="2" falsecount="0"/>
          <line num="147" count="5" type="stmt"/>
          <line num="149" count="20" type="stmt"/>
          <line num="180" count="1" type="stmt"/>
          <line num="181" count="1" type="cond" truecount="1" falsecount="1"/>
          <line num="182" count="0" type="stmt"/>
          <line num="184" count="1" type="cond" truecount="1" falsecount="1"/>
          <line num="185" count="1" type="stmt"/>
          <line num="186" count="1" type="stmt"/>
          <line num="190" count="1" type="cond" truecount="2" falsecount="0"/>
          <line num="191" count="1" type="stmt"/>
          <line num="192" count="1" type="stmt"/>
          <line num="193" count="1" type="stmt"/>
          <line num="194" count="1" type="stmt"/>
          <line num="206" count="0" type="stmt"/>
          <line num="207" count="0" type="cond" truecount="0" falsecount="2"/>
          <line num="208" count="0" type="stmt"/>
          <line num="210" count="0" type="cond" truecount="0" falsecount="2"/>
          <line num="211" count="0" type="stmt"/>
          <line num="212" count="0" type="stmt"/>
          <line num="216" count="0" type="cond" truecount="0" falsecount="2"/>
          <line num="217" count="0" type="stmt"/>
          <line num="218" count="0" type="stmt"/>
          <line num="236" count="7" type="cond" truecount="2" falsecount="0"/>
          <line num="237" count="6" type="stmt"/>
          <line num="239" count="1" type="cond" truecount="1" falsecount="3"/>
          <line num="241" count="1" type="stmt"/>
          <line num="243" count="0" type="stmt"/>
          <line num="245" count="0" type="stmt"/>
          <line num="247" count="0" type="stmt"/>
          <line num="252" count="7" type="stmt"/>
        </file>
        <file name="Form.jsx" path="/Users/eden90267/Desktop/react/whinepad/src/js/components/Form.jsx">
          <metrics statements="15" coveredstatements="0" conditionals="11" coveredconditionals="0" methods="5" coveredmethods="0"/>
          <line num="20" count="0" type="stmt"/>
          <line num="21" count="0" type="stmt"/>
          <line num="22" count="0" type="cond" truecount="0" falsecount="2"/>
          <line num="23" count="0" type="stmt"/>
          <line num="28" count="0" type="stmt"/>
          <line num="29" count="0" type="stmt"/>
          <line num="30" count="0" type="stmt"/>
          <line num="32" count="0" type="stmt"/>
          <line num="36" count="0" type="stmt"/>
          <line num="40" count="0" type="cond" truecount="0" falsecount="3"/>
          <line num="41" count="0" type="cond" truecount="0" falsecount="2"/>
          <line num="42" count="0" type="stmt"/>
          <line num="49" count="0" type="cond" truecount="0" falsecount="2"/>
          <line num="50" count="0" type="stmt"/>
          <line num="52" count="0" type="stmt"/>
        </file>
        <file name="FormInput.jsx" path="/Users/eden90267/Desktop/react/whinepad/src/js/components/FormInput.jsx">
          <metrics statements="8" coveredstatements="6" conditionals="9" coveredconditionals="7" methods="2" coveredmethods="2"/>
          <line num="32" count="3" type="cond" truecount="2" falsecount="0"/>
          <line num="40" count="3" type="stmt"/>
          <line num="45" count="3" type="cond" truecount="3" falsecount="2"/>
          <line num="47" count="1" type="stmt"/>
          <line num="55" count="0" type="stmt"/>
          <line num="57" count="1" type="stmt"/>
          <line num="61" count="0" type="stmt"/>
          <line num="63" count="1" type="stmt"/>
        </file>
        <file name="Rating.jsx" path="/Users/eden90267/Desktop/react/whinepad/src/js/components/Rating.jsx">
          <metrics statements="11" coveredstatements="11" conditionals="10" coveredconditionals="9" methods="7" coveredmethods="7"/>
          <line num="29" count="4" type="stmt"/>
          <line num="30" count="4" type="stmt"/>
          <line num="37" count="2" type="stmt"/>
          <line num="41" count="2" type="stmt"/>
          <line num="47" count="4" type="stmt"/>
          <line num="54" count="1" type="stmt"/>
          <line num="58" count="3" type="stmt"/>
          <line num="62" count="10" type="stmt"/>
          <line num="63" count="10" type="stmt"/>
          <line num="64" count="50" type="stmt"/>
          <line num="76" count="10" type="stmt"/>
        </file>
        <file name="Suggest.jsx" path="/Users/eden90267/Desktop/react/whinepad/src/js/components/Suggest.jsx">
          <metrics statements="7" coveredstatements="0" conditionals="2" coveredconditionals="0" methods="5" coveredmethods="0"/>
          <line num="21" count="0" type="stmt"/>
          <line num="22" count="0" type="cond" truecount="0" falsecount="2"/>
          <line num="26" count="0" type="stmt"/>
          <line num="30" count="0" type="stmt"/>
          <line num="31" count="0" type="stmt"/>
          <line num="36" count="0" type="stmt"/>
          <line num="42" count="0" type="stmt"/>
        </file>
      </package>
      <package name="js.flux">
        <metrics statements="48" coveredstatements="20" conditionals="21" coveredconditionals="6" methods="4" coveredmethods="1"/>
        <file name="CRUDAction.js" path="/Users/eden90267/Desktop/react/whinepad/src/js/flux/CRUDAction.js">
          <metrics statements="29" coveredstatements="5" conditionals="12" coveredconditionals="0" methods="3" coveredmethods="0"/>
          <line num="6" count="1" type="stmt"/>
          <line num="9" count="0" type="stmt"/>
          <line num="13" count="1" type="stmt"/>
          <line num="17" count="0" type="stmt"/>
          <line num="21" count="1" type="stmt"/>
          <line num="22" count="1" type="stmt"/>
          <line num="23" count="1" type="stmt"/>
          <line num="29" count="0" type="stmt"/>
          <line num="33" count="0" type="stmt"/>
          <line num="34" count="0" type="stmt"/>
          <line num="35" count="0" type="cond" truecount="0" falsecount="2"/>
          <line num="36" count="0" type="stmt"/>
          <line num="37" count="0" type="stmt"/>
          <line num="39" count="0" type="stmt"/>
          <line num="40" count="0" type="cond" truecount="0" falsecount="2"/>
          <line num="41" count="0" type="stmt"/>
          <line num="43" count="0" type="stmt"/>
          <line num="44" count="0" type="stmt"/>
          <line num="45" count="0" type="cond" truecount="0" falsecount="2"/>
          <line num="46" count="0" type="stmt"/>
          <line num="49" count="0" type="stmt"/>
          <line num="51" count="0" type="stmt"/>
          <line num="55" count="0" type="stmt"/>
          <line num="56" count="0" type="cond" truecount="0" falsecount="4"/>
          <line num="57" count="0" type="stmt"/>
          <line num="59" count="0" type="stmt"/>
          <line num="61" count="0" type="cond" truecount="0" falsecount="2"/>
          <line num="65" count="0" type="stmt"/>
          <line num="66" count="0" type="stmt"/>
        </file>
        <file name="CRUDStore.js" path="/Users/eden90267/Desktop/react/whinepad/src/js/flux/CRUDStore.js">
          <metrics statements="19" coveredstatements="15" conditionals="9" coveredconditionals="6" methods="1" coveredmethods="1"/>
          <line num="9" count="1" type="stmt"/>
          <line num="11" count="1" type="stmt"/>
          <line num="13" count="1" type="stmt"/>
          <line num="14" count="1" type="cond" truecount="1" falsecount="1"/>
          <line num="19" count="1" type="cond" truecount="1" falsecount="1"/>
          <line num="20" count="1" type="stmt"/>
          <line num="21" count="1" type="stmt"/>
          <line num="22" count="5" type="stmt"/>
          <line num="24" count="1" type="stmt"/>
          <line num="26" count="0" type="stmt"/>
          <line num="30" count="8" type="stmt"/>
          <line num="33" count="2" type="stmt"/>
          <line num="34" count="2" type="cond" truecount="3" falsecount="1"/>
          <line num="35" count="0" type="stmt"/>
          <line num="37" count="2" type="stmt"/>
          <line num="40" count="2" type="stmt"/>
          <line num="43" count="0" type="stmt"/>
          <line num="46" count="0" type="stmt"/>
          <line num="49" count="2" type="stmt"/>
        </file>
      </package>
    </metrics>
  </project>
</coverage>
