{"/Users/eden90267/Desktop/react/whinepad/src/js/classification.js": {"path":"/Users/eden90267/Desktop/react/whinepad/src/js/classification.js","statementMap":{},"fnMap":{},"branchMap":{},"s":{},"f":{},"b":{},"_coverageSchema":"332fd63041d2c1bcb487cc26dd0d5f7d97098a6c","hash":"eda200cf511ca58b7e8e82e700d4e424e98f3d27"}
,"/Users/eden90267/Desktop/react/whinepad/src/js/schema.js": {"path":"/Users/eden90267/Desktop/react/whinepad/src/js/schema.js","statementMap":{},"fnMap":{},"branchMap":{},"s":{},"f":{},"b":{},"_coverageSchema":"332fd63041d2c1bcb487cc26dd0d5f7d97098a6c","hash":"987e681e4a2984fb86d8632778a9aa8d376f2907"}
,"/Users/eden90267/Desktop/react/whinepad/src/js/components/Actions.jsx": {"path":"/Users/eden90267/Desktop/react/whinepad/src/js/components/Actions.jsx","statementMap":{"0":{"start":{"line":9,"column":16},"end":{"line":35,"column":8}},"1":{"start":{"line":10,"column":2},"end":{"line":35,"column":8}},"2":{"start":{"line":37,"column":0},"end":{"line":40,"column":2}}},"fnMap":{"0":{"name":"(anonymous_0)","decl":{"start":{"line":9,"column":16},"end":{"line":9,"column":17}},"loc":{"start":{"line":10,"column":2},"end":{"line":35,"column":8}},"line":10},"1":{"name":"(anonymous_1)","decl":{"start":{"line":38,"column":12},"end":{"line":38,"column":13}},"loc":{"start":{"line":38,"column":18},"end":{"line":39,"column":3}},"line":38}},"branchMap":{},"s":{"0":2,"1":6,"2":2},"f":{"0":6,"1":0},"b":{},"_coverageSchema":"332fd63041d2c1bcb487cc26dd0d5f7d97098a6c","hash":"e94b22812b4b8dedc9885dc7fe47f63fcdc39640"}
,"/Users/eden90267/Desktop/react/whinepad/src/js/components/Button.jsx": {"path":"/Users/eden90267/Desktop/react/whinepad/src/js/components/Button.jsx","statementMap":{"0":{"start":{"line":11,"column":15},"end":{"line":16,"column":74}},"1":{"start":{"line":12,"column":2},"end":{"line":16,"column":74}}},"fnMap":{"0":{"name":"(anonymous_0)","decl":{"start":{"line":11,"column":15},"end":{"line":11,"column":16}},"loc":{"start":{"line":12,"column":2},"end":{"line":16,"column":74}},"line":12}},"branchMap":{"0":{"loc":{"start":{"line":12,"column":2},"end":{"line":16,"column":74}},"type":"cond-expr","locations":[{"start":{"line":14,"column":4},"end":{"line":14,"column":69}},{"start":{"line":16,"column":4},"end":{"line":16,"column":74}}],"line":12}},"s":{"0":2,"1":4},"f":{"0":4},"b":{"0":[1,3]},"_coverageSchema":"332fd63041d2c1bcb487cc26dd0d5f7d97098a6c","hash":"ede984df1139733a788923aff5dae510d8889679"}
,"/Users/eden90267/Desktop/react/whinepad/src/js/components/Dialog.jsx": {"path":"/Users/eden90267/Desktop/react/whinepad/src/js/components/Dialog.jsx","statementMap":{"0":{"start":{"line":30,"column":4},"end":{"line":30,"column":56}},"1":{"start":{"line":31,"column":4},"end":{"line":31,"column":54}},"2":{"start":{"line":35,"column":4},"end":{"line":38,"column":5}},"3":{"start":{"line":36,"column":6},"end":{"line":36,"column":58}},"4":{"start":{"line":37,"column":6},"end":{"line":37,"column":53}},"5":{"start":{"line":42,"column":4},"end":{"line":73,"column":6}}},"fnMap":{"0":{"name":"(anonymous_0)","decl":{"start":{"line":24,"column":14},"end":{"line":24,"column":15}},"loc":{"start":{"line":24,"column":21},"end":{"line":25,"column":5}},"line":24},"1":{"name":"(anonymous_1)","decl":{"start":{"line":29,"column":2},"end":{"line":29,"column":3}},"loc":{"start":{"line":29,"column":25},"end":{"line":32,"column":3}},"line":29},"2":{"name":"(anonymous_2)","decl":{"start":{"line":34,"column":2},"end":{"line":34,"column":3}},"loc":{"start":{"line":34,"column":22},"end":{"line":39,"column":3}},"line":34},"3":{"name":"(anonymous_3)","decl":{"start":{"line":41,"column":2},"end":{"line":41,"column":3}},"loc":{"start":{"line":41,"column":11},"end":{"line":74,"column":3}},"line":41}},"branchMap":{"0":{"loc":{"start":{"line":35,"column":4},"end":{"line":38,"column":5}},"type":"if","locations":[{"start":{"line":35,"column":4},"end":{"line":38,"column":5}},{"start":{"line":35,"column":4},"end":{"line":38,"column":5}}],"line":35},"1":{"loc":{"start":{"line":54,"column":14},"end":{"line":63,"column":20}},"type":"cond-expr","locations":[{"start":{"line":56,"column":16},"end":{"line":61,"column":23}},{"start":{"line":63,"column":16},"end":{"line":63,"column":20}}],"line":54},"2":{"loc":{"start":{"line":66,"column":54},"end":{"line":66,"column":98}},"type":"cond-expr","locations":[{"start":{"line":66,"column":77},"end":{"line":66,"column":86}},{"start":{"line":66,"column":89},"end":{"line":66,"column":98}}],"line":66}},"s":{"0":1,"1":1,"2":1,"3":1,"4":1,"5":1},"f":{"0":0,"1":1,"2":1,"3":1},"b":{"0":[1,0],"1":[1,0],"2":[1,0]},"_coverageSchema":"332fd63041d2c1bcb487cc26dd0d5f7d97098a6c","hash":"2be05237ecb1d64a77dd89c93677df3fbb876e40"}
,"/Users/eden90267/Desktop/react/whinepad/src/js/components/Excel.jsx": {"path":"/Users/eden90267/Desktop/react/whinepad/src/js/components/Excel.jsx","statementMap":{"0":{"start":{"line":41,"column":4},"end":{"line":41,"column":12}},"1":{"start":{"line":42,"column":4},"end":{"line":48,"column":6}},"2":{"start":{"line":49,"column":4},"end":{"line":49,"column":40}},"3":{"start":{"line":50,"column":4},"end":{"line":54,"column":7}},"4":{"start":{"line":51,"column":6},"end":{"line":53,"column":9}},"5":{"start":{"line":58,"column":23},"end":{"line":58,"column":74}},"6":{"start":{"line":59,"column":4},"end":{"line":59,"column":38}},"7":{"start":{"line":60,"column":4},"end":{"line":63,"column":7}},"8":{"start":{"line":67,"column":20},"end":{"line":67,"column":48}},"9":{"start":{"line":68,"column":4},"end":{"line":73,"column":7}},"10":{"start":{"line":77,"column":4},"end":{"line":77,"column":23}},"11":{"start":{"line":78,"column":4},"end":{"line":78,"column":55}},"12":{"start":{"line":79,"column":4},"end":{"line":83,"column":6}},"13":{"start":{"line":84,"column":4},"end":{"line":86,"column":7}},"14":{"start":{"line":90,"column":4},"end":{"line":95,"column":7}},"15":{"start":{"line":99,"column":4},"end":{"line":176,"column":6}},"16":{"start":{"line":105,"column":14},"end":{"line":107,"column":15}},"17":{"start":{"line":106,"column":16},"end":{"line":106,"column":28}},"18":{"start":{"line":108,"column":26},"end":{"line":108,"column":36}},"19":{"start":{"line":109,"column":14},"end":{"line":111,"column":15}},"20":{"start":{"line":110,"column":16},"end":{"line":110,"column":71}},"21":{"start":{"line":112,"column":14},"end":{"line":120,"column":15}},"22":{"start":{"line":129,"column":12},"end":{"line":171,"column":14}},"23":{"start":{"line":133,"column":35},"end":{"line":133,"column":51}},"24":{"start":{"line":134,"column":20},"end":{"line":136,"column":21}},"25":{"start":{"line":135,"column":22},"end":{"line":135,"column":34}},"26":{"start":{"line":137,"column":37},"end":{"line":137,"column":61}},"27":{"start":{"line":138,"column":33},"end":{"line":138,"column":48}},"28":{"start":{"line":139,"column":34},"end":{"line":139,"column":43}},"29":{"start":{"line":140,"column":20},"end":{"line":148,"column":21}},"30":{"start":{"line":141,"column":22},"end":{"line":145,"column":24}},"31":{"start":{"line":146,"column":27},"end":{"line":148,"column":21}},"32":{"start":{"line":147,"column":22},"end":{"line":147,"column":89}},"33":{"start":{"line":149,"column":20},"end":{"line":164,"column":22}},"34":{"start":{"line":180,"column":4},"end":{"line":180,"column":34}},"35":{"start":{"line":181,"column":4},"end":{"line":183,"column":5}},"36":{"start":{"line":182,"column":6},"end":{"line":182,"column":13}},"37":{"start":{"line":184,"column":18},"end":{"line":184,"column":66}},"38":{"start":{"line":185,"column":4},"end":{"line":185,"column":68}},"39":{"start":{"line":186,"column":4},"end":{"line":186,"column":30}},"40":{"start":{"line":190,"column":18},"end":{"line":190,"column":60}},"41":{"start":{"line":191,"column":4},"end":{"line":191,"column":68}},"42":{"start":{"line":192,"column":18},"end":{"line":192,"column":44}},"43":{"start":{"line":193,"column":22},"end":{"line":193,"column":50}},"44":{"start":{"line":194,"column":4},"end":{"line":202,"column":6}},"45":{"start":{"line":206,"column":4},"end":{"line":206,"column":34}},"46":{"start":{"line":207,"column":4},"end":{"line":209,"column":5}},"47":{"start":{"line":208,"column":6},"end":{"line":208,"column":13}},"48":{"start":{"line":210,"column":18},"end":{"line":210,"column":66}},"49":{"start":{"line":211,"column":4},"end":{"line":211,"column":68}},"50":{"start":{"line":212,"column":4},"end":{"line":212,"column":62}},"51":{"start":{"line":216,"column":18},"end":{"line":216,"column":66}},"52":{"start":{"line":217,"column":4},"end":{"line":217,"column":68}},"53":{"start":{"line":218,"column":4},"end":{"line":232,"column":6}},"54":{"start":{"line":236,"column":4},"end":{"line":238,"column":5}},"55":{"start":{"line":237,"column":6},"end":{"line":237,"column":18}},"56":{"start":{"line":239,"column":4},"end":{"line":248,"column":5}},"57":{"start":{"line":241,"column":8},"end":{"line":241,"column":42}},"58":{"start":{"line":243,"column":8},"end":{"line":243,"column":44}},"59":{"start":{"line":245,"column":8},"end":{"line":245,"column":40}},"60":{"start":{"line":247,"column":8},"end":{"line":247,"column":72}},"61":{"start":{"line":252,"column":4},"end":{"line":257,"column":5}}},"fnMap":{"0":{"name":"(anonymous_0)","decl":{"start":{"line":40,"column":2},"end":{"line":40,"column":3}},"loc":{"start":{"line":40,"column":16},"end":{"line":55,"column":3}},"line":40},"1":{"name":"(anonymous_1)","decl":{"start":{"line":50,"column":36},"end":{"line":50,"column":37}},"loc":{"start":{"line":50,"column":42},"end":{"line":54,"column":5}},"line":50},"2":{"name":"(anonymous_2)","decl":{"start":{"line":57,"column":2},"end":{"line":57,"column":3}},"loc":{"start":{"line":57,"column":21},"end":{"line":64,"column":3}},"line":57},"3":{"name":"(anonymous_3)","decl":{"start":{"line":66,"column":2},"end":{"line":66,"column":3}},"loc":{"start":{"line":66,"column":24},"end":{"line":74,"column":3}},"line":66},"4":{"name":"(anonymous_4)","decl":{"start":{"line":76,"column":2},"end":{"line":76,"column":3}},"loc":{"start":{"line":76,"column":18},"end":{"line":87,"column":3}},"line":76},"5":{"name":"(anonymous_5)","decl":{"start":{"line":89,"column":2},"end":{"line":89,"column":3}},"loc":{"start":{"line":89,"column":47},"end":{"line":96,"column":3}},"line":89},"6":{"name":"(anonymous_6)","decl":{"start":{"line":98,"column":2},"end":{"line":98,"column":3}},"loc":{"start":{"line":98,"column":17},"end":{"line":177,"column":3}},"line":98},"7":{"name":"(anonymous_7)","decl":{"start":{"line":104,"column":28},"end":{"line":104,"column":29}},"loc":{"start":{"line":104,"column":36},"end":{"line":121,"column":13}},"line":104},"8":{"name":"(anonymous_8)","decl":{"start":{"line":128,"column":30},"end":{"line":128,"column":31}},"loc":{"start":{"line":128,"column":47},"end":{"line":172,"column":11}},"line":128},"9":{"name":"(anonymous_9)","decl":{"start":{"line":132,"column":39},"end":{"line":132,"column":40}},"loc":{"start":{"line":132,"column":54},"end":{"line":165,"column":19}},"line":132},"10":{"name":"(anonymous_10)","decl":{"start":{"line":179,"column":2},"end":{"line":179,"column":3}},"loc":{"start":{"line":179,"column":43},"end":{"line":187,"column":3}},"line":179},"11":{"name":"(anonymous_11)","decl":{"start":{"line":189,"column":2},"end":{"line":189,"column":3}},"loc":{"start":{"line":189,"column":24},"end":{"line":203,"column":3}},"line":189},"12":{"name":"(anonymous_12)","decl":{"start":{"line":205,"column":2},"end":{"line":205,"column":3}},"loc":{"start":{"line":205,"column":34},"end":{"line":213,"column":3}},"line":205},"13":{"name":"(anonymous_13)","decl":{"start":{"line":215,"column":2},"end":{"line":215,"column":3}},"loc":{"start":{"line":215,"column":40},"end":{"line":233,"column":3}},"line":215},"14":{"name":"(anonymous_14)","decl":{"start":{"line":235,"column":2},"end":{"line":235,"column":3}},"loc":{"start":{"line":235,"column":18},"end":{"line":249,"column":3}},"line":235},"15":{"name":"(anonymous_15)","decl":{"start":{"line":251,"column":2},"end":{"line":251,"column":3}},"loc":{"start":{"line":251,"column":11},"end":{"line":258,"column":3}},"line":251}},"branchMap":{"0":{"loc":{"start":{"line":58,"column":23},"end":{"line":58,"column":74}},"type":"binary-expr","locations":[{"start":{"line":58,"column":23},"end":{"line":58,"column":48}},{"start":{"line":58,"column":52},"end":{"line":58,"column":74}}],"line":58},"1":{"loc":{"start":{"line":105,"column":14},"end":{"line":107,"column":15}},"type":"if","locations":[{"start":{"line":105,"column":14},"end":{"line":107,"column":15}},{"start":{"line":105,"column":14},"end":{"line":107,"column":15}}],"line":105},"2":{"loc":{"start":{"line":109,"column":14},"end":{"line":111,"column":15}},"type":"if","locations":[{"start":{"line":109,"column":14},"end":{"line":111,"column":15}},{"start":{"line":109,"column":14},"end":{"line":111,"column":15}}],"line":109},"3":{"loc":{"start":{"line":110,"column":25},"end":{"line":110,"column":70}},"type":"cond-expr","locations":[{"start":{"line":110,"column":49},"end":{"line":110,"column":58}},{"start":{"line":110,"column":61},"end":{"line":110,"column":70}}],"line":110},"4":{"loc":{"start":{"line":134,"column":20},"end":{"line":136,"column":21}},"type":"if","locations":[{"start":{"line":134,"column":20},"end":{"line":136,"column":21}},{"start":{"line":134,"column":20},"end":{"line":136,"column":21}}],"line":134},"5":{"loc":{"start":{"line":134,"column":24},"end":{"line":134,"column":47}},"type":"binary-expr","locations":[{"start":{"line":134,"column":24},"end":{"line":134,"column":31}},{"start":{"line":134,"column":35},"end":{"line":134,"column":47}}],"line":134},"6":{"loc":{"start":{"line":140,"column":20},"end":{"line":148,"column":21}},"type":"if","locations":[{"start":{"line":140,"column":20},"end":{"line":148,"column":21}},{"start":{"line":140,"column":20},"end":{"line":148,"column":21}}],"line":140},"7":{"loc":{"start":{"line":140,"column":24},"end":{"line":140,"column":90}},"type":"binary-expr","locations":[{"start":{"line":140,"column":24},"end":{"line":140,"column":33}},{"start":{"line":140,"column":37},"end":{"line":140,"column":41}},{"start":{"line":140,"column":45},"end":{"line":140,"column":64}},{"start":{"line":140,"column":68},"end":{"line":140,"column":90}}],"line":140},"8":{"loc":{"start":{"line":146,"column":27},"end":{"line":148,"column":21}},"type":"if","locations":[{"start":{"line":146,"column":27},"end":{"line":148,"column":21}},{"start":{"line":146,"column":27},"end":{"line":148,"column":21}}],"line":146},"9":{"loc":{"start":{"line":156,"column":45},"end":{"line":156,"column":96}},"type":"binary-expr","locations":[{"start":{"line":156,"column":45},"end":{"line":156,"column":68}},{"start":{"line":156,"column":72},"end":{"line":156,"column":96}}],"line":156},"10":{"loc":{"start":{"line":181,"column":4},"end":{"line":183,"column":5}},"type":"if","locations":[{"start":{"line":181,"column":4},"end":{"line":183,"column":5}},{"start":{"line":181,"column":4},"end":{"line":183,"column":5}}],"line":181},"11":{"loc":{"start":{"line":184,"column":18},"end":{"line":184,"column":66}},"type":"cond-expr","locations":[{"start":{"line":184,"column":38},"end":{"line":184,"column":59}},{"start":{"line":184,"column":62},"end":{"line":184,"column":66}}],"line":184},"12":{"loc":{"start":{"line":190,"column":18},"end":{"line":190,"column":60}},"type":"binary-expr","locations":[{"start":{"line":190,"column":18},"end":{"line":190,"column":35}},{"start":{"line":190,"column":39},"end":{"line":190,"column":60}}],"line":190},"13":{"loc":{"start":{"line":207,"column":4},"end":{"line":209,"column":5}},"type":"if","locations":[{"start":{"line":207,"column":4},"end":{"line":209,"column":5}},{"start":{"line":207,"column":4},"end":{"line":209,"column":5}}],"line":207},"14":{"loc":{"start":{"line":210,"column":18},"end":{"line":210,"column":66}},"type":"cond-expr","locations":[{"start":{"line":210,"column":38},"end":{"line":210,"column":59}},{"start":{"line":210,"column":62},"end":{"line":210,"column":66}}],"line":210},"15":{"loc":{"start":{"line":216,"column":18},"end":{"line":216,"column":66}},"type":"cond-expr","locations":[{"start":{"line":216,"column":38},"end":{"line":216,"column":59}},{"start":{"line":216,"column":62},"end":{"line":216,"column":66}}],"line":216},"16":{"loc":{"start":{"line":221,"column":16},"end":{"line":221,"column":52}},"type":"cond-expr","locations":[{"start":{"line":221,"column":27},"end":{"line":221,"column":38}},{"start":{"line":221,"column":41},"end":{"line":221,"column":52}}],"line":221},"17":{"loc":{"start":{"line":222,"column":22},"end":{"line":222,"column":46}},"type":"cond-expr","locations":[{"start":{"line":222,"column":33},"end":{"line":222,"column":37}},{"start":{"line":222,"column":40},"end":{"line":222,"column":46}}],"line":222},"18":{"loc":{"start":{"line":236,"column":4},"end":{"line":238,"column":5}},"type":"if","locations":[{"start":{"line":236,"column":4},"end":{"line":238,"column":5}},{"start":{"line":236,"column":4},"end":{"line":238,"column":5}}],"line":236},"19":{"loc":{"start":{"line":239,"column":4},"end":{"line":248,"column":5}},"type":"switch","locations":[{"start":{"line":240,"column":6},"end":{"line":241,"column":42}},{"start":{"line":242,"column":6},"end":{"line":243,"column":44}},{"start":{"line":244,"column":6},"end":{"line":245,"column":40}},{"start":{"line":246,"column":6},"end":{"line":247,"column":72}}],"line":239}},"s":{"0":2,"1":2,"2":2,"3":2,"4":3,"5":0,"6":0,"7":0,"8":1,"9":1,"10":1,"11":1,"12":1,"13":1,"14":1,"15":7,"16":35,"17":7,"18":28,"19":28,"20":0,"21":28,"22":5,"23":25,"24":25,"25":5,"26":20,"27":20,"28":20,"29":20,"30":1,"31":19,"32":5,"33":20,"34":1,"35":1,"36":0,"37":1,"38":1,"39":1,"40":1,"41":1,"42":1,"43":1,"44":1,"45":0,"46":0,"47":0,"48":0,"49":0,"50":0,"51":0,"52":0,"53":0,"54":7,"55":6,"56":1,"57":1,"58":0,"59":0,"60":0,"61":7},"f":{"0":2,"1":3,"2":0,"3":1,"4":1,"5":1,"6":7,"7":35,"8":5,"9":25,"10":1,"11":1,"12":0,"13":0,"14":7,"15":7},"b":{"0":[0,0],"1":[7,28],"2":[0,28],"3":[0,0],"4":[5,20],"5":[25,25],"6":[1,19],"7":[20,15,3,3],"8":[5,14],"9":[20,10],"10":[0,1],"11":[1,0],"12":[1,1],"13":[0,0],"14":[0,0],"15":[0,0],"16":[0,0],"17":[0,0],"18":[6,1],"19":[1,0,0,0]},"_coverageSchema":"332fd63041d2c1bcb487cc26dd0d5f7d97098a6c","hash":"e4ef8c118fb819f791def6a5a6733dcf04c55434"}
,"/Users/eden90267/Desktop/react/whinepad/src/js/components/Form.jsx": {"path":"/Users/eden90267/Desktop/react/whinepad/src/js/components/Form.jsx","statementMap":{"0":{"start":{"line":20,"column":4},"end":{"line":20,"column":17}},"1":{"start":{"line":21,"column":4},"end":{"line":21,"column":40}},"2":{"start":{"line":22,"column":4},"end":{"line":24,"column":5}},"3":{"start":{"line":23,"column":6},"end":{"line":23,"column":66}},"4":{"start":{"line":28,"column":23},"end":{"line":28,"column":25}},"5":{"start":{"line":29,"column":4},"end":{"line":31,"column":6}},"6":{"start":{"line":30,"column":6},"end":{"line":30,"column":53}},"7":{"start":{"line":32,"column":4},"end":{"line":32,"column":16}},"8":{"start":{"line":36,"column":4},"end":{"line":67,"column":6}},"9":{"start":{"line":40,"column":51},"end":{"line":40,"column":105}},"10":{"start":{"line":41,"column":12},"end":{"line":48,"column":13}},"11":{"start":{"line":42,"column":14},"end":{"line":47,"column":16}},"12":{"start":{"line":49,"column":12},"end":{"line":51,"column":13}},"13":{"start":{"line":50,"column":14},"end":{"line":50,"column":26}},"14":{"start":{"line":52,"column":12},"end":{"line":63,"column":14}}},"fnMap":{"0":{"name":"(anonymous_0)","decl":{"start":{"line":19,"column":2},"end":{"line":19,"column":3}},"loc":{"start":{"line":19,"column":28},"end":{"line":25,"column":3}},"line":19},"1":{"name":"(anonymous_1)","decl":{"start":{"line":27,"column":2},"end":{"line":27,"column":3}},"loc":{"start":{"line":27,"column":20},"end":{"line":33,"column":3}},"line":27},"2":{"name":"(anonymous_2)","decl":{"start":{"line":29,"column":24},"end":{"line":29,"column":25}},"loc":{"start":{"line":30,"column":6},"end":{"line":30,"column":53}},"line":30},"3":{"name":"(anonymous_3)","decl":{"start":{"line":35,"column":2},"end":{"line":35,"column":3}},"loc":{"start":{"line":35,"column":11},"end":{"line":68,"column":3}},"line":35},"4":{"name":"(anonymous_4)","decl":{"start":{"line":39,"column":26},"end":{"line":39,"column":27}},"loc":{"start":{"line":39,"column":53},"end":{"line":64,"column":11}},"line":39}},"branchMap":{"0":{"loc":{"start":{"line":22,"column":4},"end":{"line":24,"column":5}},"type":"if","locations":[{"start":{"line":22,"column":4},"end":{"line":24,"column":5}},{"start":{"line":22,"column":4},"end":{"line":24,"column":5}}],"line":22},"1":{"loc":{"start":{"line":40,"column":51},"end":{"line":40,"column":105}},"type":"binary-expr","locations":[{"start":{"line":40,"column":52},"end":{"line":40,"column":68}},{"start":{"line":40,"column":72},"end":{"line":40,"column":98}},{"start":{"line":40,"column":103},"end":{"line":40,"column":105}}],"line":40},"2":{"loc":{"start":{"line":41,"column":12},"end":{"line":48,"column":13}},"type":"if","locations":[{"start":{"line":41,"column":12},"end":{"line":48,"column":13}},{"start":{"line":41,"column":12},"end":{"line":48,"column":13}}],"line":41},"3":{"loc":{"start":{"line":49,"column":12},"end":{"line":51,"column":13}},"type":"if","locations":[{"start":{"line":49,"column":12},"end":{"line":51,"column":13}},{"start":{"line":49,"column":12},"end":{"line":51,"column":13}}],"line":49},"4":{"loc":{"start":{"line":56,"column":18},"end":{"line":60,"column":42}},"type":"cond-expr","locations":[{"start":{"line":58,"column":20},"end":{"line":58,"column":84}},{"start":{"line":60,"column":20},"end":{"line":60,"column":42}}],"line":56}},"s":{"0":0,"1":0,"2":0,"3":0,"4":0,"5":0,"6":0,"7":0,"8":0,"9":0,"10":0,"11":0,"12":0,"13":0,"14":0},"f":{"0":0,"1":0,"2":0,"3":0,"4":0},"b":{"0":[0,0],"1":[0,0,0],"2":[0,0],"3":[0,0],"4":[0,0]},"_coverageSchema":"332fd63041d2c1bcb487cc26dd0d5f7d97098a6c","hash":"b4f6d5fa2396a8402c8ce48e2d1106233b8d9a23"}
,"/Users/eden90267/Desktop/react/whinepad/src/js/components/FormInput.jsx": {"path":"/Users/eden90267/Desktop/react/whinepad/src/js/components/FormInput.jsx","statementMap":{"0":{"start":{"line":32,"column":4},"end":{"line":36,"column":33}},"1":{"start":{"line":40,"column":27},"end":{"line":44,"column":5}},"2":{"start":{"line":45,"column":4},"end":{"line":64,"column":5}},"3":{"start":{"line":47,"column":8},"end":{"line":53,"column":10}},"4":{"start":{"line":55,"column":8},"end":{"line":55,"column":67}},"5":{"start":{"line":57,"column":8},"end":{"line":59,"column":10}},"6":{"start":{"line":61,"column":8},"end":{"line":61,"column":40}},"7":{"start":{"line":63,"column":8},"end":{"line":63,"column":48}}},"fnMap":{"0":{"name":"(anonymous_0)","decl":{"start":{"line":31,"column":2},"end":{"line":31,"column":3}},"loc":{"start":{"line":31,"column":34},"end":{"line":37,"column":3}},"line":31},"1":{"name":"(anonymous_1)","decl":{"start":{"line":39,"column":2},"end":{"line":39,"column":3}},"loc":{"start":{"line":39,"column":11},"end":{"line":65,"column":3}},"line":39}},"branchMap":{"0":{"loc":{"start":{"line":32,"column":11},"end":{"line":36,"column":32}},"type":"cond-expr","locations":[{"start":{"line":34,"column":6},"end":{"line":34,"column":27}},{"start":{"line":36,"column":6},"end":{"line":36,"column":32}}],"line":32},"1":{"loc":{"start":{"line":45,"column":4},"end":{"line":64,"column":5}},"type":"switch","locations":[{"start":{"line":46,"column":6},"end":{"line":53,"column":10}},{"start":{"line":54,"column":6},"end":{"line":55,"column":67}},{"start":{"line":56,"column":6},"end":{"line":59,"column":10}},{"start":{"line":60,"column":6},"end":{"line":61,"column":40}},{"start":{"line":62,"column":6},"end":{"line":63,"column":48}}],"line":45},"2":{"loc":{"start":{"line":51,"column":26},"end":{"line":51,"column":77}},"type":"binary-expr","locations":[{"start":{"line":51,"column":26},"end":{"line":51,"column":49}},{"start":{"line":51,"column":53},"end":{"line":51,"column":77}}],"line":51}},"s":{"0":3,"1":3,"2":3,"3":1,"4":0,"5":1,"6":0,"7":1},"f":{"0":3,"1":3},"b":{"0":[2,1],"1":[1,0,1,0,1],"2":[1,1]},"_coverageSchema":"332fd63041d2c1bcb487cc26dd0d5f7d97098a6c","hash":"6936e79a4c5c84095c9704f992780cd073fb2bc3"}
,"/Users/eden90267/Desktop/react/whinepad/src/js/components/Rating.jsx": {"path":"/Users/eden90267/Desktop/react/whinepad/src/js/components/Rating.jsx","statementMap":{"0":{"start":{"line":29,"column":4},"end":{"line":29,"column":17}},"1":{"start":{"line":30,"column":4},"end":{"line":33,"column":6}},"2":{"start":{"line":37,"column":4},"end":{"line":37,"column":29}},"3":{"start":{"line":41,"column":4},"end":{"line":43,"column":7}},"4":{"start":{"line":47,"column":4},"end":{"line":50,"column":7}},"5":{"start":{"line":54,"column":4},"end":{"line":54,"column":36}},"6":{"start":{"line":58,"column":4},"end":{"line":58,"column":43}},"7":{"start":{"line":62,"column":18},"end":{"line":62,"column":20}},"8":{"start":{"line":63,"column":4},"end":{"line":74,"column":5}},"9":{"start":{"line":64,"column":6},"end":{"line":73,"column":8}},"10":{"start":{"line":76,"column":4},"end":{"line":99,"column":6}}},"fnMap":{"0":{"name":"(anonymous_0)","decl":{"start":{"line":28,"column":2},"end":{"line":28,"column":3}},"loc":{"start":{"line":28,"column":28},"end":{"line":34,"column":3}},"line":28},"1":{"name":"(anonymous_1)","decl":{"start":{"line":36,"column":2},"end":{"line":36,"column":3}},"loc":{"start":{"line":36,"column":21},"end":{"line":38,"column":3}},"line":36},"2":{"name":"(anonymous_2)","decl":{"start":{"line":40,"column":2},"end":{"line":40,"column":3}},"loc":{"start":{"line":40,"column":26},"end":{"line":44,"column":3}},"line":40},"3":{"name":"(anonymous_3)","decl":{"start":{"line":46,"column":2},"end":{"line":46,"column":3}},"loc":{"start":{"line":46,"column":28},"end":{"line":51,"column":3}},"line":46},"4":{"name":"(anonymous_4)","decl":{"start":{"line":53,"column":2},"end":{"line":53,"column":3}},"loc":{"start":{"line":53,"column":10},"end":{"line":55,"column":3}},"line":53},"5":{"name":"(anonymous_5)","decl":{"start":{"line":57,"column":2},"end":{"line":57,"column":3}},"loc":{"start":{"line":57,"column":46},"end":{"line":59,"column":3}},"line":57},"6":{"name":"(anonymous_6)","decl":{"start":{"line":61,"column":2},"end":{"line":61,"column":3}},"loc":{"start":{"line":61,"column":11},"end":{"line":100,"column":3}},"line":61}},"branchMap":{"0":{"loc":{"start":{"line":66,"column":21},"end":{"line":66,"column":66}},"type":"cond-expr","locations":[{"start":{"line":66,"column":49},"end":{"line":66,"column":59}},{"start":{"line":66,"column":62},"end":{"line":66,"column":66}}],"line":66},"1":{"loc":{"start":{"line":68,"column":19},"end":{"line":68,"column":71}},"type":"binary-expr","locations":[{"start":{"line":68,"column":19},"end":{"line":68,"column":39}},{"start":{"line":68,"column":43},"end":{"line":68,"column":71}}],"line":68},"2":{"loc":{"start":{"line":69,"column":23},"end":{"line":69,"column":73}},"type":"binary-expr","locations":[{"start":{"line":69,"column":23},"end":{"line":69,"column":43}},{"start":{"line":69,"column":47},"end":{"line":69,"column":73}}],"line":69},"3":{"loc":{"start":{"line":88,"column":10},"end":{"line":96,"column":14}},"type":"cond-expr","locations":[{"start":{"line":90,"column":12},"end":{"line":90,"column":16}},{"start":{"line":92,"column":12},"end":{"line":96,"column":14}}],"line":88},"4":{"loc":{"start":{"line":88,"column":10},"end":{"line":88,"column":47}},"type":"binary-expr","locations":[{"start":{"line":88,"column":10},"end":{"line":88,"column":29}},{"start":{"line":88,"column":33},"end":{"line":88,"column":47}}],"line":88}},"s":{"0":4,"1":4,"2":2,"3":2,"4":4,"5":1,"6":3,"7":10,"8":10,"9":50,"10":10},"f":{"0":4,"1":2,"2":2,"3":4,"4":1,"5":3,"6":10},"b":{"0":[26,24],"1":[50,25],"2":[50,25],"3":[10,0],"4":[10,5]},"_coverageSchema":"332fd63041d2c1bcb487cc26dd0d5f7d97098a6c","hash":"7770ee5f2d8bdfe89bb1f5f3e0fc3f692d812587"}
,"/Users/eden90267/Desktop/react/whinepad/src/js/components/Suggest.jsx": {"path":"/Users/eden90267/Desktop/react/whinepad/src/js/components/Suggest.jsx","statementMap":{"0":{"start":{"line":21,"column":4},"end":{"line":21,"column":17}},"1":{"start":{"line":22,"column":4},"end":{"line":22,"column":51}},"2":{"start":{"line":26,"column":4},"end":{"line":26,"column":28}},"3":{"start":{"line":30,"column":21},"end":{"line":30,"column":60}},"4":{"start":{"line":31,"column":4},"end":{"line":47,"column":6}},"5":{"start":{"line":36,"column":25},"end":{"line":36,"column":63}},"6":{"start":{"line":42,"column":14},"end":{"line":42,"column":46}}},"fnMap":{"0":{"name":"(anonymous_0)","decl":{"start":{"line":20,"column":2},"end":{"line":20,"column":3}},"loc":{"start":{"line":20,"column":28},"end":{"line":23,"column":3}},"line":20},"1":{"name":"(anonymous_1)","decl":{"start":{"line":25,"column":2},"end":{"line":25,"column":3}},"loc":{"start":{"line":25,"column":21},"end":{"line":27,"column":3}},"line":25},"2":{"name":"(anonymous_2)","decl":{"start":{"line":29,"column":2},"end":{"line":29,"column":3}},"loc":{"start":{"line":29,"column":11},"end":{"line":48,"column":3}},"line":29},"3":{"name":"(anonymous_3)","decl":{"start":{"line":36,"column":20},"end":{"line":36,"column":21}},"loc":{"start":{"line":36,"column":25},"end":{"line":36,"column":63}},"line":36},"4":{"name":"(anonymous_4)","decl":{"start":{"line":41,"column":35},"end":{"line":41,"column":36}},"loc":{"start":{"line":42,"column":14},"end":{"line":42,"column":46}},"line":42}},"branchMap":{"0":{"loc":{"start":{"line":22,"column":25},"end":{"line":22,"column":49}},"type":"binary-expr","locations":[{"start":{"line":22,"column":25},"end":{"line":22,"column":43}},{"start":{"line":22,"column":47},"end":{"line":22,"column":49}}],"line":22}},"s":{"0":0,"1":0,"2":0,"3":0,"4":0,"5":0,"6":0},"f":{"0":0,"1":0,"2":0,"3":0,"4":0},"b":{"0":[0,0]},"_coverageSchema":"332fd63041d2c1bcb487cc26dd0d5f7d97098a6c","hash":"2e5ae3169363baac3d4c3f52ae091c29fd084a89"}
,"/Users/eden90267/Desktop/react/whinepad/src/js/flux/CRUDAction.js": {"path":"/Users/eden90267/Desktop/react/whinepad/src/js/flux/CRUDAction.js","statementMap":{"0":{"start":{"line":6,"column":20},"end":{"line":71,"column":1}},"1":{"start":{"line":9,"column":4},"end":{"line":9,"column":62}},"2":{"start":{"line":13,"column":4},"end":{"line":13,"column":60}},"3":{"start":{"line":17,"column":4},"end":{"line":17,"column":68}},"4":{"start":{"line":21,"column":19},"end":{"line":21,"column":52}},"5":{"start":{"line":22,"column":4},"end":{"line":22,"column":24}},"6":{"start":{"line":23,"column":4},"end":{"line":23,"column":65}},"7":{"start":{"line":29,"column":4},"end":{"line":29,"column":46}},"8":{"start":{"line":33,"column":20},"end":{"line":33,"column":53}},"9":{"start":{"line":34,"column":27},"end":{"line":34,"column":53}},"10":{"start":{"line":35,"column":4},"end":{"line":38,"column":5}},"11":{"start":{"line":36,"column":6},"end":{"line":36,"column":45}},"12":{"start":{"line":37,"column":6},"end":{"line":37,"column":13}},"13":{"start":{"line":39,"column":19},"end":{"line":39,"column":61}},"14":{"start":{"line":39,"column":53},"end":{"line":39,"column":60}},"15":{"start":{"line":40,"column":4},"end":{"line":42,"column":5}},"16":{"start":{"line":41,"column":6},"end":{"line":41,"column":13}},"17":{"start":{"line":43,"column":23},"end":{"line":50,"column":6}},"18":{"start":{"line":44,"column":6},"end":{"line":48,"column":7}},"19":{"start":{"line":45,"column":8},"end":{"line":47,"column":9}},"20":{"start":{"line":46,"column":10},"end":{"line":46,"column":22}},"21":{"start":{"line":49,"column":6},"end":{"line":49,"column":19}},"22":{"start":{"line":51,"column":4},"end":{"line":51,"column":34}},"23":{"start":{"line":55,"column":22},"end":{"line":55,"column":23}},"24":{"start":{"line":56,"column":4},"end":{"line":60,"column":5}},"25":{"start":{"line":57,"column":6},"end":{"line":57,"column":18}},"26":{"start":{"line":59,"column":6},"end":{"line":59,"column":47}},"27":{"start":{"line":61,"column":4},"end":{"line":61,"column":39}},"28":{"start":{"line":65,"column":4},"end":{"line":66,"column":55}},"29":{"start":{"line":66,"column":6},"end":{"line":66,"column":52}}},"fnMap":{"0":{"name":"(anonymous_0)","decl":{"start":{"line":39,"column":45},"end":{"line":39,"column":46}},"loc":{"start":{"line":39,"column":53},"end":{"line":39,"column":60}},"line":39},"1":{"name":"(anonymous_1)","decl":{"start":{"line":43,"column":50},"end":{"line":43,"column":51}},"loc":{"start":{"line":43,"column":59},"end":{"line":50,"column":5}},"line":43},"2":{"name":"(anonymous_2)","decl":{"start":{"line":65,"column":47},"end":{"line":65,"column":48}},"loc":{"start":{"line":66,"column":6},"end":{"line":66,"column":52}},"line":66}},"branchMap":{"0":{"loc":{"start":{"line":35,"column":4},"end":{"line":38,"column":5}},"type":"if","locations":[{"start":{"line":35,"column":4},"end":{"line":38,"column":5}},{"start":{"line":35,"column":4},"end":{"line":38,"column":5}}],"line":35},"1":{"loc":{"start":{"line":40,"column":4},"end":{"line":42,"column":5}},"type":"if","locations":[{"start":{"line":40,"column":4},"end":{"line":42,"column":5}},{"start":{"line":40,"column":4},"end":{"line":42,"column":5}}],"line":40},"2":{"loc":{"start":{"line":45,"column":8},"end":{"line":47,"column":9}},"type":"if","locations":[{"start":{"line":45,"column":8},"end":{"line":47,"column":9}},{"start":{"line":45,"column":8},"end":{"line":47,"column":9}}],"line":45},"3":{"loc":{"start":{"line":56,"column":4},"end":{"line":60,"column":5}},"type":"if","locations":[{"start":{"line":56,"column":4},"end":{"line":60,"column":5}},{"start":{"line":56,"column":4},"end":{"line":60,"column":5}}],"line":56},"4":{"loc":{"start":{"line":56,"column":8},"end":{"line":56,"column":54}},"type":"binary-expr","locations":[{"start":{"line":56,"column":8},"end":{"line":56,"column":29}},{"start":{"line":56,"column":33},"end":{"line":56,"column":54}}],"line":56},"5":{"loc":{"start":{"line":61,"column":11},"end":{"line":61,"column":38}},"type":"cond-expr","locations":[{"start":{"line":61,"column":24},"end":{"line":61,"column":32}},{"start":{"line":61,"column":35},"end":{"line":61,"column":38}}],"line":61}},"s":{"0":1,"1":0,"2":1,"3":0,"4":1,"5":1,"6":1,"7":0,"8":0,"9":0,"10":0,"11":0,"12":0,"13":0,"14":0,"15":0,"16":0,"17":0,"18":0,"19":0,"20":0,"21":0,"22":0,"23":0,"24":0,"25":0,"26":0,"27":0,"28":0,"29":0},"f":{"0":0,"1":0,"2":0},"b":{"0":[0,0],"1":[0,0],"2":[0,0],"3":[0,0],"4":[0,0],"5":[0,0]},"_coverageSchema":"332fd63041d2c1bcb487cc26dd0d5f7d97098a6c","hash":"a6e8553b421ee569c0df6cd862f787ff40a5a391"}
,"/Users/eden90267/Desktop/react/whinepad/src/js/flux/CRUDStore.js": {"path":"/Users/eden90267/Desktop/react/whinepad/src/js/flux/CRUDStore.js","statementMap":{"0":{"start":{"line":9,"column":16},"end":{"line":9,"column":34}},"1":{"start":{"line":11,"column":18},"end":{"line":51,"column":1}},"2":{"start":{"line":13,"column":4},"end":{"line":13,"column":27}},"3":{"start":{"line":14,"column":20},"end":{"line":18,"column":10}},"4":{"start":{"line":19,"column":4},"end":{"line":27,"column":5}},"5":{"start":{"line":20,"column":28},"end":{"line":20,"column":30}},"6":{"start":{"line":21,"column":6},"end":{"line":23,"column":9}},"7":{"start":{"line":22,"column":8},"end":{"line":22,"column":45}},"8":{"start":{"line":24,"column":6},"end":{"line":24,"column":35}},"9":{"start":{"line":26,"column":6},"end":{"line":26,"column":39}},"10":{"start":{"line":30,"column":4},"end":{"line":30,"column":16}},"11":{"start":{"line":33,"column":4},"end":{"line":33,"column":19}},"12":{"start":{"line":34,"column":4},"end":{"line":36,"column":5}},"13":{"start":{"line":35,"column":6},"end":{"line":35,"column":60}},"14":{"start":{"line":37,"column":4},"end":{"line":37,"column":27}},"15":{"start":{"line":40,"column":4},"end":{"line":40,"column":18}},"16":{"start":{"line":43,"column":4},"end":{"line":43,"column":24}},"17":{"start":{"line":46,"column":4},"end":{"line":46,"column":30}},"18":{"start":{"line":49,"column":4},"end":{"line":49,"column":39}}},"fnMap":{"0":{"name":"(anonymous_0)","decl":{"start":{"line":21,"column":21},"end":{"line":21,"column":22}},"loc":{"start":{"line":21,"column":31},"end":{"line":23,"column":7}},"line":21}},"branchMap":{"0":{"loc":{"start":{"line":14,"column":20},"end":{"line":18,"column":10}},"type":"cond-expr","locations":[{"start":{"line":16,"column":6},"end":{"line":16,"column":34}},{"start":{"line":18,"column":6},"end":{"line":18,"column":10}}],"line":14},"1":{"loc":{"start":{"line":19,"column":4},"end":{"line":27,"column":5}},"type":"if","locations":[{"start":{"line":19,"column":4},"end":{"line":27,"column":5}},{"start":{"line":19,"column":4},"end":{"line":27,"column":5}}],"line":19},"2":{"loc":{"start":{"line":32,"column":33},"end":{"line":32,"column":55}},"type":"default-arg","locations":[{"start":{"line":32,"column":51},"end":{"line":32,"column":55}}],"line":32},"3":{"loc":{"start":{"line":34,"column":4},"end":{"line":36,"column":5}},"type":"if","locations":[{"start":{"line":34,"column":4},"end":{"line":36,"column":5}},{"start":{"line":34,"column":4},"end":{"line":36,"column":5}}],"line":34},"4":{"loc":{"start":{"line":34,"column":8},"end":{"line":34,"column":42}},"type":"binary-expr","locations":[{"start":{"line":34,"column":8},"end":{"line":34,"column":14}},{"start":{"line":34,"column":18},"end":{"line":34,"column":42}}],"line":34}},"s":{"0":1,"1":1,"2":1,"3":1,"4":1,"5":1,"6":1,"7":5,"8":1,"9":0,"10":8,"11":2,"12":2,"13":0,"14":2,"15":2,"16":0,"17":0,"18":2},"f":{"0":5},"b":{"0":[0,1],"1":[1,0],"2":[2],"3":[0,2],"4":[2,2]},"_coverageSchema":"332fd63041d2c1bcb487cc26dd0d5f7d97098a6c","hash":"9f63f8fd5f84224e06cbf6b4fd57d49506830657"}
}
