TN:
SF:/Users/eden90267/Desktop/react/whinepad/src/js/classification.js
FNF:0
FNH:0
LF:0
LH:0
BRF:0
BRH:0
end_of_record
TN:
SF:/Users/eden90267/Desktop/react/whinepad/src/js/schema.js
FNF:0
FNH:0
LF:0
LH:0
BRF:0
BRH:0
end_of_record
TN:
SF:/Users/eden90267/Desktop/react/whinepad/src/js/components/Actions.jsx
FN:9,(anonymous_0)
FN:38,(anonymous_1)
FNF:2
FNH:1
FNDA:6,(anonymous_0)
FNDA:0,(anonymous_1)
DA:9,2
DA:10,6
DA:37,2
LF:3
LH:3
BRF:0
BRH:0
end_of_record
TN:
SF:/Users/eden90267/Desktop/react/whinepad/src/js/components/Button.jsx
FN:11,(anonymous_0)
FNF:1
FNH:1
FNDA:4,(anonymous_0)
DA:11,2
DA:12,4
LF:2
LH:2
BRDA:12,0,0,1
BRDA:12,0,1,3
BRF:2
BRH:2
end_of_record
TN:
SF:/Users/eden90267/Desktop/react/whinepad/src/js/components/Dialog.jsx
FN:24,(anonymous_0)
FN:29,(anonymous_1)
FN:34,(anonymous_2)
FN:41,(anonymous_3)
FNF:4
FNH:3
FNDA:0,(anonymous_0)
FNDA:1,(anonymous_1)
FNDA:1,(anonymous_2)
FNDA:1,(anonymous_3)
DA:30,1
DA:31,1
DA:35,1
DA:36,1
DA:37,1
DA:42,1
LF:6
LH:6
BRDA:35,0,0,1
BRDA:35,0,1,0
BRDA:54,1,0,1
BRDA:54,1,1,0
BRDA:66,2,0,1
BRDA:66,2,1,0
BRF:6
BRH:3
end_of_record
TN:
SF:/Users/eden90267/Desktop/react/whinepad/src/js/components/Excel.jsx
FN:40,(anonymous_0)
FN:50,(anonymous_1)
FN:57,(anonymous_2)
FN:66,(anonymous_3)
FN:76,(anonymous_4)
FN:89,(anonymous_5)
FN:98,(anonymous_6)
FN:104,(anonymous_7)
FN:128,(anonymous_8)
FN:132,(anonymous_9)
FN:179,(anonymous_10)
FN:189,(anonymous_11)
FN:205,(anonymous_12)
FN:215,(anonymous_13)
FN:235,(anonymous_14)
FN:251,(anonymous_15)
FNF:16
FNH:13
FNDA:2,(anonymous_0)
FNDA:3,(anonymous_1)
FNDA:0,(anonymous_2)
FNDA:1,(anonymous_3)
FNDA:1,(anonymous_4)
FNDA:1,(anonymous_5)
FNDA:7,(anonymous_6)
FNDA:35,(anonymous_7)
FNDA:5,(anonymous_8)
FNDA:25,(anonymous_9)
FNDA:1,(anonymous_10)
FNDA:1,(anonymous_11)
FNDA:0,(anonymous_12)
FNDA:0,(anonymous_13)
FNDA:7,(anonymous_14)
FNDA:7,(anonymous_15)
DA:41,2
DA:42,2
DA:49,2
DA:50,2
DA:51,3
DA:58,0
DA:59,0
DA:60,0
DA:67,1
DA:68,1
DA:77,1
DA:78,1
DA:79,1
DA:84,1
DA:90,1
DA:99,7
DA:105,35
DA:106,7
DA:108,28
DA:109,28
DA:110,0
DA:112,28
DA:129,5
DA:133,25
DA:134,25
DA:135,5
DA:137,20
DA:138,20
DA:139,20
DA:140,20
DA:141,1
DA:146,19
DA:147,5
DA:149,20
DA:180,1
DA:181,1
DA:182,0
DA:184,1
DA:185,1
DA:186,1
DA:190,1
DA:191,1
DA:192,1
DA:193,1
DA:194,1
DA:206,0
DA:207,0
DA:208,0
DA:210,0
DA:211,0
DA:212,0
DA:216,0
DA:217,0
DA:218,0
DA:236,7
DA:237,6
DA:239,1
DA:241,1
DA:243,0
DA:245,0
DA:247,0
DA:252,7
LF:62
LH:45
BRDA:58,0,0,0
BRDA:58,0,1,0
BRDA:105,1,0,7
BRDA:105,1,1,28
BRDA:109,2,0,0
BRDA:109,2,1,28
BRDA:110,3,0,0
BRDA:110,3,1,0
BRDA:134,4,0,5
BRDA:134,4,1,20
BRDA:134,5,0,25
BRDA:134,5,1,25
BRDA:140,6,0,1
BRDA:140,6,1,19
BRDA:140,7,0,20
BRDA:140,7,1,15
BRDA:140,7,2,3
BRDA:140,7,3,3
BRDA:146,8,0,5
BRDA:146,8,1,14
BRDA:156,9,0,20
BRDA:156,9,1,10
BRDA:181,10,0,0
BRDA:181,10,1,1
BRDA:184,11,0,1
BRDA:184,11,1,0
BRDA:190,12,0,1
BRDA:190,12,1,1
BRDA:207,13,0,0
BRDA:207,13,1,0
BRDA:210,14,0,0
BRDA:210,14,1,0
BRDA:216,15,0,0
BRDA:216,15,1,0
BRDA:221,16,0,0
BRDA:221,16,1,0
BRDA:222,17,0,0
BRDA:222,17,1,0
BRDA:236,18,0,6
BRDA:236,18,1,1
BRDA:239,19,0,1
BRDA:239,19,1,0
BRDA:239,19,2,0
BRDA:239,19,3,0
BRF:44
BRH:24
end_of_record
TN:
SF:/Users/eden90267/Desktop/react/whinepad/src/js/components/Form.jsx
FN:19,(anonymous_0)
FN:27,(anonymous_1)
FN:29,(anonymous_2)
FN:35,(anonymous_3)
FN:39,(anonymous_4)
FNF:5
FNH:0
FNDA:0,(anonymous_0)
FNDA:0,(anonymous_1)
FNDA:0,(anonymous_2)
FNDA:0,(anonymous_3)
FNDA:0,(anonymous_4)
DA:20,0
DA:21,0
DA:22,0
DA:23,0
DA:28,0
DA:29,0
DA:30,0
DA:32,0
DA:36,0
DA:40,0
DA:41,0
DA:42,0
DA:49,0
DA:50,0
DA:52,0
LF:15
LH:0
BRDA:22,0,0,0
BRDA:22,0,1,0
BRDA:40,1,0,0
BRDA:40,1,1,0
BRDA:40,1,2,0
BRDA:41,2,0,0
BRDA:41,2,1,0
BRDA:49,3,0,0
BRDA:49,3,1,0
BRDA:56,4,0,0
BRDA:56,4,1,0
BRF:11
BRH:0
end_of_record
TN:
SF:/Users/eden90267/Desktop/react/whinepad/src/js/components/FormInput.jsx
FN:31,(anonymous_0)
FN:39,(anonymous_1)
FNF:2
FNH:2
FNDA:3,(anonymous_0)
FNDA:3,(anonymous_1)
DA:32,3
DA:40,3
DA:45,3
DA:47,1
DA:55,0
DA:57,1
DA:61,0
DA:63,1
LF:8
LH:6
BRDA:32,0,0,2
BRDA:32,0,1,1
BRDA:45,1,0,1
BRDA:45,1,1,0
BRDA:45,1,2,1
BRDA:45,1,3,0
BRDA:45,1,4,1
BRDA:51,2,0,1
BRDA:51,2,1,1
BRF:9
BRH:7
end_of_record
TN:
SF:/Users/eden90267/Desktop/react/whinepad/src/js/components/Rating.jsx
FN:28,(anonymous_0)
FN:36,(anonymous_1)
FN:40,(anonymous_2)
FN:46,(anonymous_3)
FN:53,(anonymous_4)
FN:57,(anonymous_5)
FN:61,(anonymous_6)
FNF:7
FNH:7
FNDA:4,(anonymous_0)
FNDA:2,(anonymous_1)
FNDA:2,(anonymous_2)
FNDA:4,(anonymous_3)
FNDA:1,(anonymous_4)
FNDA:3,(anonymous_5)
FNDA:10,(anonymous_6)
DA:29,4
DA:30,4
DA:37,2
DA:41,2
DA:47,4
DA:54,1
DA:58,3
DA:62,10
DA:63,10
DA:64,50
DA:76,10
LF:11
LH:11
BRDA:66,0,0,26
BRDA:66,0,1,24
BRDA:68,1,0,50
BRDA:68,1,1,25
BRDA:69,2,0,50
BRDA:69,2,1,25
BRDA:88,3,0,10
BRDA:88,3,1,0
BRDA:88,4,0,10
BRDA:88,4,1,5
BRF:10
BRH:9
end_of_record
TN:
SF:/Users/eden90267/Desktop/react/whinepad/src/js/components/Suggest.jsx
FN:20,(anonymous_0)
FN:25,(anonymous_1)
FN:29,(anonymous_2)
FN:36,(anonymous_3)
FN:41,(anonymous_4)
FNF:5
FNH:0
FNDA:0,(anonymous_0)
FNDA:0,(anonymous_1)
FNDA:0,(anonymous_2)
FNDA:0,(anonymous_3)
FNDA:0,(anonymous_4)
DA:21,0
DA:22,0
DA:26,0
DA:30,0
DA:31,0
DA:36,0
DA:42,0
LF:7
LH:0
BRDA:22,0,0,0
BRDA:22,0,1,0
BRF:2
BRH:0
end_of_record
TN:
SF:/Users/eden90267/Desktop/react/whinepad/src/js/flux/CRUDAction.js
FN:39,(anonymous_0)
FN:43,(anonymous_1)
FN:65,(anonymous_2)
FNF:3
FNH:0
FNDA:0,(anonymous_0)
FNDA:0,(anonymous_1)
FNDA:0,(anonymous_2)
DA:6,1
DA:9,0
DA:13,1
DA:17,0
DA:21,1
DA:22,1
DA:23,1
DA:29,0
DA:33,0
DA:34,0
DA:35,0
DA:36,0
DA:37,0
DA:39,0
DA:40,0
DA:41,0
DA:43,0
DA:44,0
DA:45,0
DA:46,0
DA:49,0
DA:51,0
DA:55,0
DA:56,0
DA:57,0
DA:59,0
DA:61,0
DA:65,0
DA:66,0
LF:29
LH:5
BRDA:35,0,0,0
BRDA:35,0,1,0
BRDA:40,1,0,0
BRDA:40,1,1,0
BRDA:45,2,0,0
BRDA:45,2,1,0
BRDA:56,3,0,0
BRDA:56,3,1,0
BRDA:56,4,0,0
BRDA:56,4,1,0
BRDA:61,5,0,0
BRDA:61,5,1,0
BRF:12
BRH:0
end_of_record
TN:
SF:/Users/eden90267/Desktop/react/whinepad/src/js/flux/CRUDStore.js
FN:21,(anonymous_0)
FNF:1
FNH:1
FNDA:5,(anonymous_0)
DA:9,1
DA:11,1
DA:13,1
DA:14,1
DA:19,1
DA:20,1
DA:21,1
DA:22,5
DA:24,1
DA:26,0
DA:30,8
DA:33,2
DA:34,2
DA:35,0
DA:37,2
DA:40,2
DA:43,0
DA:46,0
DA:49,2
LF:19
LH:15
BRDA:14,0,0,0
BRDA:14,0,1,1
BRDA:19,1,0,1
BRDA:19,1,1,0
BRDA:32,2,0,2
BRDA:34,3,0,0
BRDA:34,3,1,2
BRDA:34,4,0,2
BRDA:34,4,1,2
BRF:9
BRH:6
end_of_record
